  [1m[35m (61.0ms)[0m  [1m[35mCREATE TABLE "schema_migrations" ("version" varchar NOT NULL PRIMARY KEY)[0m
  [1m[35m (80.9ms)[0m  [1m[35mCREATE TABLE "ar_internal_metadata" ("key" varchar NOT NULL PRIMARY KEY, "value" varchar, "created_at" datetime NOT NULL, "updated_at" datetime NOT NULL)[0m
  [1m[36mActiveRecord::SchemaMigration Load (2.8ms)[0m  [1m[34mSELECT "schema_migrations".* FROM "schema_migrations"[0m
Migrating to CreateMovies (20170124223433)
  [1m[35m (0.0ms)[0m  [1m[36mbegin transaction[0m
  [1m[35m (5.8ms)[0m  [1m[35mCREATE TABLE "movies" ("id" INTEGER PRIMARY KEY AUTOINCREMENT NOT NULL, "title" varchar, "description" text, "relase_date" datetime, "created_at" datetime NOT NULL, "updated_at" datetime NOT NULL)[0m
  [1m[35mSQL (0.2ms)[0m  [1m[32mINSERT INTO "schema_migrations" ("version") VALUES (?)[0m  [["version", "20170124223433"]]
  [1m[35m (42.5ms)[0m  [1m[36mcommit transaction[0m
  [1m[36mActiveRecord::InternalMetadata Load (3.7ms)[0m  [1m[34mSELECT  "ar_internal_metadata".* FROM "ar_internal_metadata" WHERE "ar_internal_metadata"."key" = ? LIMIT ?[0m  [["key", :environment], ["LIMIT", 1]]
  [1m[35m (0.1ms)[0m  [1m[36mbegin transaction[0m
  [1m[35mSQL (10.5ms)[0m  [1m[32mINSERT INTO "ar_internal_metadata" ("key", "value", "created_at", "updated_at") VALUES (?, ?, ?, ?)[0m  [["key", "environment"], ["value", "development"], ["created_at", 2017-01-24 22:41:20 UTC], ["updated_at", 2017-01-24 22:41:20 UTC]]
  [1m[35m (61.5ms)[0m  [1m[36mcommit transaction[0m
  [1m[36mActiveRecord::SchemaMigration Load (5.5ms)[0m  [1m[34mSELECT "schema_migrations".* FROM "schema_migrations"[0m
  [1m[35m (0.2ms)[0m  [1m[36mbegin transaction[0m
  [1m[35mSQL (9.7ms)[0m  [1m[32mINSERT INTO "movies" ("title", "relase_date", "created_at", "updated_at") VALUES (?, ?, ?, ?)[0m  [["title", "Star Wars"], ["relase_date", 1977-04-25 00:00:00 UTC], ["created_at", 2017-01-24 22:53:38 UTC], ["updated_at", 2017-01-24 22:53:38 UTC]]
  [1m[35m (45.5ms)[0m  [1m[36mcommit transaction[0m
  [1m[35m (0.1ms)[0m  [1m[36mbegin transaction[0m
  [1m[35mSQL (7.5ms)[0m  [1m[32mINSERT INTO "movies" ("title", "relase_date", "created_at", "updated_at") VALUES (?, ?, ?, ?)[0m  [["title", "Avatar"], ["relase_date", 2009-12-10 00:00:00 UTC], ["created_at", 2017-01-24 22:55:48 UTC], ["updated_at", 2017-01-24 22:55:48 UTC]]
  [1m[35m (21.1ms)[0m  [1m[36mcommit transaction[0m
  [1m[35m (0.2ms)[0m  [1m[36mbegin transaction[0m
  [1m[35mSQL (11.2ms)[0m  [1m[32mINSERT INTO "movies" ("title", "created_at", "updated_at") VALUES (?, ?, ?)[0m  [["title", "Requiem for a Dream"], ["created_at", 2017-01-24 22:57:01 UTC], ["updated_at", 2017-01-24 22:57:01 UTC]]
  [1m[35m (39.6ms)[0m  [1m[36mcommit transaction[0m
  [1m[35m (0.2ms)[0m  [1m[36mbegin transaction[0m
  [1m[35mSQL (8.6ms)[0m  [1m[33mUPDATE "movies" SET "relase_date" = ?, "updated_at" = ? WHERE "movies"."id" = ?[0m  [["relase_date", 2012-04-30 00:00:00 UTC], ["updated_at", 2017-01-24 22:57:40 UTC], ["id", 3]]
  [1m[35m (30.1ms)[0m  [1m[36mcommit transaction[0m
  [1m[36mMovie Load (6.6ms)[0m  [1m[34mSELECT "movies".* FROM "movies" WHERE "movies"."title" = ?[0m  [["title", "vatar"]]
  [1m[36mMovie Load (6.2ms)[0m  [1m[34mSELECT "movies".* FROM "movies" WHERE "movies"."title" = ?[0m  [["title", "avatar"]]
  [1m[36mMovie Load (5.1ms)[0m  [1m[34mSELECT "movies".* FROM "movies" WHERE "movies"."title" = ?[0m  [["title", "Avatar"]]
  [1m[36mMovie Load (4.4ms)[0m  [1m[34mSELECT "movies".* FROM "movies" WHERE "movies"."title" = ?[0m  [["title", "Avatar"]]
  [1m[36mMovie Load (3.8ms)[0m  [1m[34mSELECT  "movies".* FROM "movies" WHERE "movies"."id" = ? LIMIT ?[0m  [["id", 2], ["LIMIT", 1]]
  [1m[36mMovie Load (8.9ms)[0m  [1m[34mSELECT "movies".* FROM "movies" WHERE (release_date > '2010-10-10')[0m
  [1m[36mMovie Load (5.6ms)[0m  [1m[34mSELECT "movies".* FROM "movies" WHERE (relase_date > '2010-10-10')[0m
  [1m[36mMovie Load (7.5ms)[0m  [1m[34mSELECT "movies".* FROM "movies"[0m
  [1m[36mActiveRecord::SchemaMigration Load (3.9ms)[0m  [1m[34mSELECT "schema_migrations".* FROM "schema_migrations"[0m
  [1m[35m (0.1ms)[0m  [1m[36mbegin transaction[0m
  [1m[35mSQL (7.8ms)[0m  [1m[32mINSERT INTO "movies" ("title", "relase_date", "created_at", "updated_at") VALUES (?, ?, ?, ?)[0m  [["title", "Alladin"], ["relase_date", 1992-11-25 00:00:00 UTC], ["created_at", 2017-01-24 23:34:07 UTC], ["updated_at", 2017-01-24 23:34:07 UTC]]
  [1m[35m (34.5ms)[0m  [1m[36mcommit transaction[0m
  [1m[35m (0.0ms)[0m  [1m[36mbegin transaction[0m
  [1m[35mSQL (10.3ms)[0m  [1m[32mINSERT INTO "movies" ("title", "relase_date", "created_at", "updated_at") VALUES (?, ?, ?, ?)[0m  [["title", "When Harry Met Sally"], ["relase_date", 1998-07-21 00:00:00 UTC], ["created_at", 2017-01-24 23:34:07 UTC], ["updated_at", 2017-01-24 23:34:07 UTC]]
  [1m[35m (54.3ms)[0m  [1m[36mcommit transaction[0m
  [1m[35m (0.1ms)[0m  [1m[36mbegin transaction[0m
  [1m[35mSQL (5.1ms)[0m  [1m[32mINSERT INTO "movies" ("title", "relase_date", "created_at", "updated_at") VALUES (?, ?, ?, ?)[0m  [["title", "The help"], ["relase_date", 2017-01-05 00:00:00 UTC], ["created_at", 2017-01-24 23:34:07 UTC], ["updated_at", 2017-01-24 23:34:07 UTC]]
  [1m[35m (37.1ms)[0m  [1m[36mcommit transaction[0m
  [1m[35m (0.1ms)[0m  [1m[36mbegin transaction[0m
  [1m[35mSQL (6.0ms)[0m  [1m[32mINSERT INTO "movies" ("title", "relase_date", "created_at", "updated_at") VALUES (?, ?, ?, ?)[0m  [["title", "Raiders of the LOst Ark"], ["relase_date", 1981-06-12 00:00:00 UTC], ["created_at", 2017-01-24 23:34:07 UTC], ["updated_at", 2017-01-24 23:34:07 UTC]]
  [1m[35m (37.1ms)[0m  [1m[36mcommit transaction[0m
  [1m[36mMovie Load (8.7ms)[0m  [1m[34mSELECT "movies".* FROM "movies"[0m
  [1m[36mMovie Load (5.6ms)[0m  [1m[34mSELECT "movies".* FROM "movies"[0m
  [1m[36mActiveRecord::SchemaMigration Load (7.5ms)[0m  [1m[34mSELECT "schema_migrations".* FROM "schema_migrations"[0m
Migrating to CreateProfessionals (20170124234103)
  [1m[35m (0.1ms)[0m  [1m[36mbegin transaction[0m
  [1m[35m (106.0ms)[0m  [1m[35mCREATE TABLE "professionals" ("id" INTEGER PRIMARY KEY AUTOINCREMENT NOT NULL, "name" varchar, "birthdate" datetime, "gender" varchar, "country" varchar, "type" varchar, "created_at" datetime NOT NULL, "updated_at" datetime NOT NULL)[0m
  [1m[35mSQL (3.4ms)[0m  [1m[32mINSERT INTO "schema_migrations" ("version") VALUES (?)[0m  [["version", "20170124234103"]]
  [1m[35m (61.4ms)[0m  [1m[36mcommit transaction[0m
  [1m[36mActiveRecord::InternalMetadata Load (3.7ms)[0m  [1m[34mSELECT  "ar_internal_metadata".* FROM "ar_internal_metadata" WHERE "ar_internal_metadata"."key" = ? LIMIT ?[0m  [["key", :environment], ["LIMIT", 1]]
  [1m[35m (0.1ms)[0m  [1m[36mbegin transaction[0m
  [1m[35m (0.1ms)[0m  [1m[36mcommit transaction[0m
  [1m[36mActiveRecord::SchemaMigration Load (8.5ms)[0m  [1m[34mSELECT "schema_migrations".* FROM "schema_migrations"[0m
  [1m[36mProfessional Load (8.4ms)[0m  [1m[34mSELECT "professionals".* FROM "professionals"[0m
